Charm++: standalone mode (not using charmrun)
Charm++> Running in Multicore mode:  1 threads
Charm++> Using recursive bisection (scheme 3) for topology aware partitions
Converse/Charm++ Commit ID: v6.8.2-0-g26d4bd8-namd-charm-6.8.2-build-2018-Jan-11-30463
Warning> Randomization of virtual memory (ASLR) is turned on in the kernel, thread migration may not work! Run 'echo 0 > /proc/sys/kernel/randomize_va_space' as root to disable it, or try running with '+isomalloc_sync'.
CharmLB> Load balancer assumes all CPUs are same.
Charm++> Running on 1 unique compute nodes (8-way SMP).
Charm++> cpu topology info is gathered in 0.000 seconds.
Info: NAMD Git-2018-05-06 for Linux-x86_64-multicore
Info: 
Info: Please visit http://www.ks.uiuc.edu/Research/namd/
Info: for updates, documentation, and support information.
Info: 
Info: Please cite Phillips et al., J. Comp. Chem. 26:1781-1802 (2005)
Info: in all publications reporting results obtained with NAMD.
Info: 
Info: Based on Charm++/Converse 60800 for multicore-linux64-iccstatic
Info: Built Sun May 6 01:57:20 CDT 2018 by jim on ganymede.ks.uiuc.edu
Info: 1 NAMD  Git-2018-05-06  Linux-x86_64-multicore  1    ehellemann-Blade  ehellemann
Info: Running on 1 processors, 1 nodes, 1 physical nodes.
Info: CPU topology information available.
Info: Charm++/Converse parallel runtime startup completed at 0.00306106 s
CkLoopLib is used in SMP with a simple dynamic scheduling (converse-level notification) but not using node-level queue
Info: 49.3047 MB of memory in use based on /proc/self/stat
Info: Configuration file is md.conf
Info: Working in the current directory /home/ehellemann/Documents/Projects/SubPEx/src/test/traj_segs/000001/000003
TCL: Suspending until startup complete.
Info: EXTENDED SYSTEM FILE   parent.xsc
Info: SIMULATION PARAMETERS:
Info: TIMESTEP               2
Info: NUMBER OF STEPS        0
Info: STEPS PER CYCLE        20
Info: PERIODIC CELL BASIS 1  73.6689 0 0
Info: PERIODIC CELL BASIS 2  0 68.3262 0
Info: PERIODIC CELL BASIS 3  0 0 84.6146
Info: PERIODIC CELL CENTER   39.2552 37.1108 45.8817
Info: WRAPPING WATERS AROUND PERIODIC BOUNDARIES ON OUTPUT.
Info: WRAPPING ALL CLUSTERS AROUND PERIODIC BOUNDARIES ON OUTPUT.
Info: WRAPPING TO IMAGE NEAREST TO PERIODIC CELL CENTER.
Info: LOAD BALANCER  Centralized
Info: LOAD BALANCING STRATEGY  New Load Balancers -- DEFAULT
Info: LDB PERIOD             4000 steps
Info: FIRST LDB TIMESTEP     100
Info: LAST LDB TIMESTEP     -1
Info: LDB BACKGROUND SCALING 1
Info: HOM BACKGROUND SCALING 1
Info: PME BACKGROUND SCALING 1
Info: MIN ATOMS PER PATCH    40
Info: VELOCITY FILE          parent.vel
Info: CENTER OF MASS MOVING INITIALLY? NO
Info: DIELECTRIC             1
Info: EXCLUDE                SCALED ONE-FOUR
Info: 1-4 ELECTROSTATICS SCALED BY 0.833333
Info: MODIFIED 1-4 VDW PARAMETERS WILL BE USED
Info: DCD FILENAME           seg.dcd
Info: DCD FREQUENCY          100
Info: DCD FIRST STEP         100
Info: DCD FILE WILL CONTAIN UNIT CELL DATA
Info: XST FILENAME           seg.xst
Info: XST FREQUENCY          10000
Info: NO VELOCITY DCD OUTPUT
Info: NO FORCE DCD OUTPUT
Info: OUTPUT FILENAME        seg
Info: BINARY OUTPUT FILES WILL BE USED
Info: RESTART FILENAME       seg.restart
Info: RESTART FREQUENCY      5000
Info: BINARY RESTART FILES WILL BE USED
Info: SWITCHING ACTIVE
Info: SWITCHING ON           12
Info: SWITCHING OFF          14
Info: PAIRLIST DISTANCE      16
Info: PAIRLIST SHRINK RATE   0.01
Info: PAIRLIST GROW RATE     0.01
Info: PAIRLIST TRIGGER       0.3
Info: PAIRLISTS PER CYCLE    2
Info: PAIRLISTS ENABLED
Info: MARGIN                 1
Info: HYDROGEN GROUP CUTOFF  2.5
Info: PATCH DIMENSION        19.5
Info: ENERGY OUTPUT STEPS    500
Info: CROSSTERM ENERGY INCLUDED IN DIHEDRAL
Info: TIMING OUTPUT STEPS    5000
Info: LANGEVIN DYNAMICS ACTIVE
Info: LANGEVIN TEMPERATURE   310
Info: LANGEVIN USING BBK INTEGRATOR
Info: LANGEVIN DAMPING COEFFICIENT IS 5 INVERSE PS
Info: LANGEVIN DYNAMICS NOT APPLIED TO HYDROGENS
Warning: Option useGroupPressure is being enabled due to pressure control with rigidBonds.
Info: LANGEVIN PISTON PRESSURE CONTROL ACTIVE
Info:        TARGET PRESSURE IS 1.01325 BAR
Info:     OSCILLATION PERIOD IS 100 FS
Info:             DECAY TIME IS 50 FS
Info:     PISTON TEMPERATURE IS 310 K
Info:       PRESSURE CONTROL IS GROUP-BASED
Info:    INITIAL STRAIN RATE IS 4.25925e-05 4.25925e-05 4.25925e-05
Info:       CELL FLUCTUATION IS ISOTROPIC
Info: PARTICLE MESH EWALD (PME) ACTIVE
Info: PME TOLERANCE               1e-06
Info: PME EWALD COEFFICIENT       0.219398
Info: PME INTERPOLATION ORDER     4
Info: PME GRID DIMENSIONS         90 60 60
Info: PME MAXIMUM GRID SPACING    1.5
Info: Attempting to read FFTW data from FFTW_NAMD_Git-2018-05-06_Linux-x86_64-multicore.txt
Info: Optimizing 6 FFT steps.  1... 2... 3... 4... 5... 6...   Done.
Info: Writing FFTW data to FFTW_NAMD_Git-2018-05-06_Linux-x86_64-multicore.txt
Info: FULL ELECTROSTATIC EVALUATION FREQUENCY      2
Info: USING VERLET I (r-RESPA) MTS SCHEME.
Info: C1 SPLITTING OF LONG RANGE ELECTROSTATICS
Info: PLACING ATOMS IN PATCHES BY HYDROGEN GROUPS
Info: RIGID BONDS TO HYDROGEN : ALL
Info:         ERROR TOLERANCE : 0.0005
Info:          MAX ITERATIONS : 100
Info: RIGID WATER USING SETTLE ALGORITHM
Info: NONBONDED FORCES EVALUATED EVERY 2 STEPS
Info: RANDOM NUMBER SEED     3615
Info: USE HYDROGEN BONDS?    NO
Info: Using AMBER format force field!
Info: AMBER PARM FILE        structure.prmtop
Info: AMBER COORDINATE FILE  structure.inpcrd
Info: Exclusions will be read from PARM file!
Info: SCNB (VDW SCALING)     2
Info: USING ARITHMETIC MEAN TO COMBINE L-J SIGMA PARAMETERS
Info: BINARY COORDINATES     parent.coor
Reading parm file (structure.prmtop) ...
PARM file in AMBER 7 format
Warning: Skipping ATOMIC_NUMBER in parm file while seeking MASS.
Warning: Skipping SCEE_SCALE_FACTOR in parm file while seeking SOLTY.
Warning: Skipping SCNB_SCALE_FACTOR in parm file while seeking SOLTY.
Warning: Encounter 10-12 H-bond term
Warning: CORRECTION OF ZERO MASS ATOMS TURNED OFF BECAUSE LONE PAIRS ARE USED
Warning: Found 12177 H-H bonds.
Info: SUMMARY OF PARAMETERS:
Info: 72 BONDS
Info: 163 ANGLES
Info:   163 HARMONIC
Info:   0 COSINE-BASED
Info: 215 DIHEDRAL
Info: 0 IMPROPER
Info: 0 CROSSTERM
Info: 0 VDW
Info: 171 VDW_PAIRS
Info: 0 NBTHOLE_PAIRS
Info: TIME FOR READING PDB FILE: 1.90735e-06
Info: 
Info: ****************************
Info: STRUCTURE SUMMARY:
Info: 42338 ATOMS
Info: 42371 BONDS
Info: 10490 ANGLES
Info: 26419 DIHEDRALS
Info: 0 IMPROPERS
Info: 0 CROSSTERMS
Info: 68002 EXCLUSIONS
Info: 39317 RIGID BONDS
Info: 87697 DEGREES OF FREEDOM
Info: 15198 HYDROGEN GROUPS
Info: 4 ATOMS IN LARGEST HYDROGEN GROUP
Info: 15198 MIGRATION GROUPS
Info: 4 ATOMS IN LARGEST MIGRATION GROUP
Info: TOTAL MASS = 263176 amu
Info: TOTAL CHARGE = -1.2462e-05 e
Info: MASS DENSITY = 1.0261 g/cm^3
Info: ATOM DENSITY = 0.0994061 atoms/A^3
Info: *****************************
Info: Reading from binary file parent.coor
Info: 
Info: Entering startup at 0.152989 s, 74.7773 MB of memory in use
Info: Startup phase 0 took 3.69549e-05 s, 74.7773 MB of memory in use
Info: ADDED 0 IMPLICIT EXCLUSIONS
Info: Startup phase 1 took 0.011378 s, 79.9609 MB of memory in use
Info: NONBONDED TABLE R-SQUARED SPACING: 0.0625
Info: NONBONDED TABLE SIZE: 769 POINTS
Info: INCONSISTENCY IN FAST TABLE ENERGY VS FORCE: 0.000290477 AT 0.251946
Info: INCONSISTENCY IN SCOR TABLE ENERGY VS FORCE: 0.000182292 AT 13.962
Info: ABSOLUTE IMPRECISION IN VDWA TABLE ENERGY: 9.86076e-32 AT 13.7818
Info: RELATIVE IMPRECISION IN VDWA TABLE ENERGY: 2.84052e-16 AT 13.7818
Info: INCONSISTENCY IN VDWA TABLE ENERGY VS FORCE: 0.0040507 AT 0.251946
Info: ABSOLUTE IMPRECISION IN VDWB TABLE ENERGY: 1.61559e-27 AT 13.9978
Info: RELATIVE IMPRECISION IN VDWB TABLE ENERGY: 2.93536e-18 AT 13.9978
Info: INCONSISTENCY IN VDWB TABLE ENERGY VS FORCE: 0.00165469 AT 12.1218
Info: Startup phase 2 took 0.0003829 s, 79.9609 MB of memory in use
Info: Startup phase 3 took 2.09808e-05 s, 79.9609 MB of memory in use
Info: Startup phase 4 took 0.000118971 s, 80.3281 MB of memory in use
Info: Startup phase 5 took 1.69277e-05 s, 80.3281 MB of memory in use
Info: PATCH GRID IS 3 (PERIODIC) BY 3 (PERIODIC) BY 4 (PERIODIC)
Info: PATCH GRID IS 1-AWAY BY 1-AWAY BY 1-AWAY
Info: Reading from binary file parent.vel
Info: REMOVING COM VELOCITY -0.00169178 -0.00369706 -0.0066507
Info: LARGEST PATCH (23) HAS 1252 ATOMS
Info: TORUS A SIZE 1 USING 0
Info: TORUS B SIZE 1 USING 0
Info: TORUS C SIZE 1 USING 0
Info: TORUS MINIMAL MESH SIZE IS 1 BY 1 BY 1
Info: Placed 100% of base nodes on same physical node as patch
Info: Startup phase 6 took 0.00854921 s, 88.707 MB of memory in use
Info: PME using 1 and 1 processors for FFT and reciprocal sum.
Info: PME GRID LOCATIONS: 0
Info: PME TRANS LOCATIONS: 0
Info: PME USING 1 GRID NODES AND 1 TRANS NODES
Info: Optimizing 4 FFT steps.  1... 2... 3... 4...   Done.
Info: Startup phase 7 took 0.000647783 s, 88.707 MB of memory in use
Info: Startup phase 8 took 2.40803e-05 s, 88.707 MB of memory in use
Info: Startup phase 9 took 1.5974e-05 s, 88.707 MB of memory in use
Info: Startup phase 10 took 1.40667e-05 s, 88.707 MB of memory in use
Info: Startup phase 11 took 1.50204e-05 s, 88.707 MB of memory in use
LDB: Central LB being created...
Info: Startup phase 12 took 0.000143051 s, 88.707 MB of memory in use
Info: CREATING 725 COMPUTE OBJECTS
Info: Startup phase 13 took 0.00201797 s, 89.4805 MB of memory in use
Info: Startup phase 14 took 3.50475e-05 s, 89.4805 MB of memory in use
Info: Startup phase 15 took 0.000130892 s, 94.0742 MB of memory in use
Info: Finished startup at 0.176537 s, 94.0742 MB of memory in use

TCL: Running for 300 steps
ETITLE:      TS           BOND          ANGLE          DIHED          IMPRP               ELECT            VDW       BOUNDARY           MISC        KINETIC               TOTAL           TEMP      POTENTIAL         TOTAL3        TEMPAVG            PRESSURE      GPRESSURE         VOLUME       PRESSAVG      GPRESSAVG

ENERGY:       0      1229.5324      2980.8072      4805.4440         0.0000        -152140.5498     15007.5216         0.0000         0.0000     26751.4899        -101365.7547       307.0108   -128117.2446   -101120.9324       307.0108         -18678.9272       -86.9503    425909.2992    -18678.9272       -86.9503

OPENING EXTENDED SYSTEM TRAJECTORY FILE
LDB: ============= START OF LOAD BALANCING ============== 8.38144
LDB: ============== END OF LOAD BALANCING =============== 8.38148
LDB: =============== DONE WITH MIGRATION ================ 8.38159
LDB: ============= START OF LOAD BALANCING ============== 34.3609
LDB: ============== END OF LOAD BALANCING =============== 34.361
LDB: =============== DONE WITH MIGRATION ================ 34.3611
Info: Initial time: 1 CPUs 0.336256 s/step 1.94593 days/ns 232.184 MB memory
OPENING COORDINATE DCD FILE
WRITING COORDINATES TO DCD FILE seg.dcd AT STEP 100
The last position output (seq=100) takes 0.002 seconds, 232.668 MB of memory in use
LDB: ============= START OF LOAD BALANCING ============== 39.1102
LDB: ============== END OF LOAD BALANCING =============== 39.1102
LDB: =============== DONE WITH MIGRATION ================ 39.1103
LDB: ============= START OF LOAD BALANCING ============== 58.1936
LDB: ============== END OF LOAD BALANCING =============== 58.1936
LDB: =============== DONE WITH MIGRATION ================ 58.1938
Info: Initial time: 1 CPUs 0.238374 s/step 1.37948 days/ns 236.199 MB memory
WRITING COORDINATES TO DCD FILE seg.dcd AT STEP 200
The last position output (seq=200) takes 0.002 seconds, 236.199 MB of memory in use
LDB: ============= START OF LOAD BALANCING ============== 81.81
LDB: ============== END OF LOAD BALANCING =============== 81.81
LDB: =============== DONE WITH MIGRATION ================ 81.8102
Info: Initial time: 1 CPUs 0.234799 s/step 1.35879 days/ns 237.199 MB memory
WRITING COORDINATES TO DCD FILE seg.dcd AT STEP 300
The last position output (seq=300) takes 0.002 seconds, 237.199 MB of memory in use
WRITING EXTENDED SYSTEM TO OUTPUT FILE AT STEP 300
CLOSING EXTENDED SYSTEM TRAJECTORY FILE
WRITING COORDINATES TO OUTPUT FILE AT STEP 300
CLOSING COORDINATE DCD FILE seg.dcd
The last position output (seq=-2) takes 0.014 seconds, 242.488 MB of memory in use
WRITING VELOCITIES TO OUTPUT FILE AT STEP 300
The last velocity output (seq=-2) takes 0.000 seconds, 242.488 MB of memory in use
====================================================

WallClock: 82.404373  CPUTime: 82.335396  Memory: 242.488281 MB
[Partition 0][Node 0] End of program
